<?xml version="1.0" encoding="UTF-8"?>
<testsuite name="tasks.AggregationKtTest" tests="1" skipped="0" failures="0" errors="0" timestamp="2019-12-06T21:10:30" hostname="osxuk57606.local" time="0.027">
  <properties/>
  <testcase name="testAggregation" classname="tasks.AggregationKtTest" time="0.027"/>
  <system-out><![CDATA[]]></system-out>
  <system-err><![CDATA[]]></system-err>
</testsuite>
